0 info it worked if it ends with ok
1 verbose cli [ '/usr/bin/nodejs', '/usr/bin/npm', 'publish' ]
2 info using npm@3.5.2
3 info using node@v4.2.6
4 verbose publish [ '.' ]
5 silly cache add args [ '.', null ]
6 verbose cache add spec .
7 silly cache add parsed spec Result {
7 silly cache add   raw: '.',
7 silly cache add   scope: null,
7 silly cache add   name: null,
7 silly cache add   rawSpec: '.',
7 silly cache add   spec: '/home/mac/dev/git/react-json-view',
7 silly cache add   type: 'directory' }
8 verbose addLocalDirectory /home/mac/.npm/react-json-view/1.0.0/package.tgz not in flight; packing
9 info lifecycle react-json-view@1.0.0~prepublish: react-json-view@1.0.0
10 silly lifecycle react-json-view@1.0.0~prepublish: no script for prepublish, continuing
11 verbose tar pack [ '/home/mac/.npm/react-json-view/1.0.0/package.tgz',
11 verbose tar pack   '/home/mac/dev/git/react-json-view' ]
12 verbose tarball /home/mac/.npm/react-json-view/1.0.0/package.tgz
13 verbose folder /home/mac/dev/git/react-json-view
14 verbose addLocalTarball adding from inside cache /home/mac/.npm/react-json-view/1.0.0/package.tgz
15 silly cache afterAdd react-json-view@1.0.0
16 verbose afterAdd /home/mac/.npm/react-json-view/1.0.0/package/package.json not in flight; writing
17 verbose afterAdd /home/mac/.npm/react-json-view/1.0.0/package/package.json written
18 silly publish { name: 'react-json-view',
18 silly publish   description: 'interactive json viewer wrapped up in a react component',
18 silly publish   version: '1.0.0',
18 silly publish   main: 'main.js',
18 silly publish   devDependencies:
18 silly publish    { 'babel-core': '^6.21.0',
18 silly publish      'babel-eslint': '~7.1.1',
18 silly publish      'babel-loader': '^6.2.10',
18 silly publish      'babel-plugin-transform-class-properties': '^6.11.5',
18 silly publish      'babel-plugin-transform-decorators-legacy': '^1.3.4',
18 silly publish      'babel-plugin-transform-function-bind': '^6.8.0',
18 silly publish      'babel-plugin-transform-node-env-inline': '^6.8.0',
18 silly publish      'babel-plugin-react-html-attrs': '^2.0.0',
18 silly publish      'babel-preset-es2015': '^6.24.0',
18 silly publish      'babel-preset-react': '^6.16.0',
18 silly publish      'babel-preset-stage-0': '^6.22.0',
18 silly publish      'babel-preset-stage-2': '^6.22.0',
18 silly publish      'babel-register': '^6.18.0',
18 silly publish      chai: '^3.5.0',
18 silly publish      'css-loader': '^0.26.1',
18 silly publish      'cross-env': '^3.1.4',
18 silly publish      enzyme: '^2.6.0',
18 silly publish      eslint: '~3.14.0',
18 silly publish      'eslint-plugin-babel': '~4.0.1',
18 silly publish      'eslint-plugin-react': '^6.9.0',
18 silly publish      'file-loader': '^0.9.0',
18 silly publish      flux: '^2.1.1',
18 silly publish      'html-webpack-plugin': '2.28.0',
18 silly publish      'ignore-styles': '^5.0.1',
18 silly publish      jsdom: '^8.0.1',
18 silly publish      'material-design-icons': '^3.0.1',
18 silly publish      mocha: '^2.4.5',
18 silly publish      'node-sass': '^3.8.0',
18 silly publish      react: '^15.4.2',
18 silly publish      'react-addons-css-transition-group': '^15.4.2',
18 silly publish      'react-addons-test-utils': '^15.4.1',
18 silly publish      'react-css-themr': '2.0.0',
18 silly publish      'react-dom': '^15.4.2',
18 silly publish      'react-hot-loader': '^3.0.0-beta.6',
18 silly publish      'react-style-proptype': '^2.0.1',
18 silly publish      'resolve-url-loader': '1.6.1',
18 silly publish      'sass-loader': '^4.0.0',
18 silly publish      'style-loader': '^0.13.1',
18 silly publish      'url-loader': '^0.5.7',
18 silly publish      webpack: '^2.2.1',
18 silly publish      'webpack-dev-server': '^2.3.0' },
18 silly publish   dependencies: {},
18 silly publish   scripts:
18 silly publish    { start: 'node server.js',
18 silly publish      build: 'webpack --display-error-details --progress',
18 silly publish      testonly: 'mocha $npm_package_options_mocha',
18 silly publish      test: 'npm run lint && npm run testonly',
18 silly publish      'test-watch': 'npm run testonly -- --watch --watch-extensions js',
18 silly publish      'dev:hot': 'webpack-dev-server' },
18 silly publish   repository:
18 silly publish    { type: 'git',
18 silly publish      url: 'git+https://github.com/mac-s-g/react-json-view.git' },
18 silly publish   keywords:
18 silly publish    [ 'react-component',
18 silly publish      'react',
18 silly publish      'json-viewer',
18 silly publish      'pretty-print',
18 silly publish      'responsive-json',
18 silly publish      'interactive-json',
18 silly publish      'json',
18 silly publish      'viewer',
18 silly publish      'responsive',
18 silly publish      'interactive',
18 silly publish      'pretty' ],
18 silly publish   license: 'ISC',
18 silly publish   author: { name: 'Mac Gainor' },
18 silly publish   bugs: { url: 'https://github.com/mac-s-g/react-json-view/issues' },
18 silly publish   homepage: 'https://github.com/mac-s-g/react-json-view',
18 silly publish   directories: { docs: 'docs', test: 'test' },
18 silly publish   readme: '# react-json-view\ninteractive json viewer wrapped up in a react component\n\n## Usage\n### Implementation Example:\n![alt text](https://github.com/mac-s-g/react-json-view/blob/master/docs/source-example-v1.png?raw=true "Usage Example")\n\n### Output Example:\n![alt text](https://github.com/mac-s-g/react-json-view/blob/master/docs/output-example-v1.png?raw=true "Output Example")\n\n## Customizing Style\nupdate or override `src/style/_variables.scss` to apply your own theme.\n\n## Working with the source code:\nYou can use Docker to run the source code in your browser:\n  1. Clone this repo\n  2. Make sure docker is installed\n  3. Build the docker image\n    * `docker build -t react-json-view .`\n    * *note:* you may need to use `sudo` to run docker commands\n  4. Run the docker container on port 2000\n    * `cd react-json-view`\n    * `./docker/server.sh`\n    * *note:* you may need to use `sudo` to run the server file\n  5. open port 2000 in your browser\n    * navigate to localhost:2000\n  \nYour source code will be mounted inside the docker container.  The container is built on the standard Node image.  \n\nWebpack-dev-server is running in the container and hot-reloading when changes are made locally.\n\nAll node modules are installed within the container, so make sure to rebuild your container if you make changes to package.json (see step 3, above).\n\n## ToDo\'s\n1. Add Tests!\n2. move each data type into it\'s own component\n```\ncase \'string\':\n    return <div class="object-value string">\n        <span class="data-type">string</span> \n        {value}\n    </div>;\n```\nshould become \n``` \ncase \'string\':\n    return <PrettyString value={value} />;\n```\n\n3. improve customizability\n    * add optional `depth` prop\n    * consider moving to postcss\n    * add a few different themes on top of `_variables.scss`\n4. add collapsed attributes to objects and support collapse / expand functionality\n',
18 silly publish   readmeFilename: 'README.md',
18 silly publish   gitHead: '166db49760f0169cb5e332efa22c0e6d72b38b14',
18 silly publish   _id: 'react-json-view@1.0.0',
18 silly publish   _shasum: 'e1681aeddf43353ba8abad2a229b768685c6a33c',
18 silly publish   _from: '.' }
19 verbose getPublishConfig undefined
20 silly mapToRegistry name react-json-view
21 silly mapToRegistry using default registry
22 silly mapToRegistry registry https://registry.npmjs.org/
23 silly mapToRegistry uri https://registry.npmjs.org/react-json-view
24 verbose publish registryBase https://registry.npmjs.org/
25 silly publish uploading /home/mac/.npm/react-json-view/1.0.0/package.tgz
26 verbose request uri https://registry.npmjs.org/react-json-view
27 verbose request sending authorization for write operation
28 info attempt registry request try #1 at 8:11:39 PM
29 verbose request using bearer token for auth
30 verbose request id 2c3def4a7a9f53d7
31 http request PUT https://registry.npmjs.org/react-json-view
32 http 403 https://registry.npmjs.org/react-json-view
33 verbose headers { 'content-type': 'application/json',
33 verbose headers   'cache-control': 'max-age=300',
33 verbose headers   'content-length': '111',
33 verbose headers   'accept-ranges': 'bytes',
33 verbose headers   date: 'Mon, 27 Mar 2017 03:11:39 GMT',
33 verbose headers   via: '1.1 varnish',
33 verbose headers   connection: 'keep-alive',
33 verbose headers   'x-served-by': 'cache-sea1046-SEA',
33 verbose headers   'x-cache': 'MISS',
33 verbose headers   'x-cache-hits': '0',
33 verbose headers   'x-timer': 'S1490584299.271812,VS0,VE48',
33 verbose headers   vary: 'Accept-Encoding' }
34 verbose request invalidating /home/mac/.npm/registry.npmjs.org/react-json-view on PUT
35 error publish Failed PUT 403
36 verbose stack Error: you do not have permission to publish "react-json-view". Are you logged in as the correct user? : react-json-view
36 verbose stack     at makeError (/usr/share/npm/node_modules/npm-registry-client/lib/request.js:264:12)
36 verbose stack     at CachingRegistryClient.<anonymous> (/usr/share/npm/node_modules/npm-registry-client/lib/request.js:252:14)
36 verbose stack     at Request._callback (/usr/share/npm/node_modules/npm-registry-client/lib/request.js:172:14)
36 verbose stack     at Request.self.callback (/usr/share/npm/node_modules/request/request.js:198:22)
36 verbose stack     at emitTwo (events.js:87:13)
36 verbose stack     at Request.emit (events.js:172:7)
36 verbose stack     at Request.<anonymous> (/usr/share/npm/node_modules/request/request.js:1082:10)
36 verbose stack     at emitOne (events.js:82:20)
36 verbose stack     at Request.emit (events.js:169:7)
36 verbose stack     at IncomingMessage.<anonymous> (/usr/share/npm/node_modules/request/request.js:1009:12)
37 verbose statusCode 403
38 verbose pkgid react-json-view
39 verbose cwd /home/mac/dev/git/react-json-view
40 error Linux 4.4.0-66-generic
41 error argv "/usr/bin/nodejs" "/usr/bin/npm" "publish"
42 error node v4.2.6
43 error npm  v3.5.2
44 error code E403
45 error you do not have permission to publish "react-json-view". Are you logged in as the correct user? : react-json-view
46 error If you need help, you may report this error at:
46 error     <https://github.com/npm/npm/issues>
47 verbose exit [ 1, true ]
